<?xml version="1.0" encoding="UTF-8"?>
<testng-results skipped="0" failed="0" ignored="0" total="4" passed="4">
  <reporter-output>
  </reporter-output>
  <suite name="Default suite" duration-ms="33" started-at="2020-08-29T11:17:23 EDT" finished-at="2020-08-29T11:17:23 EDT">
    <groups>
    </groups>
    <test name="Default test" duration-ms="33" started-at="2020-08-29T11:17:23 EDT" finished-at="2020-08-29T11:17:23 EDT">
      <class name="com.syntax.class1.TestNgIntro">
        <test-method status="PASS" signature="testFour()[pri:0, instance:com.syntax.class1.TestNgIntro@6e0e048a]" name="testFour" duration-ms="5" started-at="2020-08-29T11:17:23 EDT" finished-at="2020-08-29T11:17:23 EDT">
          <reporter-output>
          </reporter-output>
        </test-method> <!-- testFour -->
        <test-method status="PASS" signature="testOne()[pri:0, instance:com.syntax.class1.TestNgIntro@6e0e048a]" name="testOne" duration-ms="1" started-at="2020-08-29T11:17:23 EDT" finished-at="2020-08-29T11:17:23 EDT">
          <reporter-output>
          </reporter-output>
        </test-method> <!-- testOne -->
        <test-method status="PASS" signature="testThree()[pri:0, instance:com.syntax.class1.TestNgIntro@6e0e048a]" name="testThree" duration-ms="1" started-at="2020-08-29T11:17:23 EDT" finished-at="2020-08-29T11:17:23 EDT">
          <reporter-output>
          </reporter-output>
        </test-method> <!-- testThree -->
        <test-method status="PASS" signature="testTwo()[pri:0, instance:com.syntax.class1.TestNgIntro@6e0e048a]" name="testTwo" duration-ms="0" started-at="2020-08-29T11:17:23 EDT" finished-at="2020-08-29T11:17:23 EDT">
          <reporter-output>
          </reporter-output>
        </test-method> <!-- testTwo -->
      </class> <!-- com.syntax.class1.TestNgIntro -->
    </test> <!-- Default test -->
  </suite> <!-- Default suite -->
</testng-results>
